[debug] [2025-02-27T09:12:16.756Z] ----------------------------------------------------------------------
[debug] [2025-02-27T09:12:16.758Z] Command:       C:\Program Files\nodejs\node.exe C:\Users\hp\AppData\Roaming\npm\node_modules\firebase-tools\lib\bin\firebase.js init functions
[debug] [2025-02-27T09:12:16.758Z] CLI Version:   13.31.2
[debug] [2025-02-27T09:12:16.759Z] Platform:      win32
[debug] [2025-02-27T09:12:16.759Z] Node Version:  v20.11.1
[debug] [2025-02-27T09:12:16.759Z] Time:          Thu Feb 27 2025 14:42:16 GMT+0530 (India Standard Time)
[debug] [2025-02-27T09:12:16.759Z] ----------------------------------------------------------------------
[debug] 
[debug] [2025-02-27T09:12:16.765Z] > command requires scopes: ["email","openid","https://www.googleapis.com/auth/cloudplatformprojects.readonly","https://www.googleapis.com/auth/firebase","https://www.googleapis.com/auth/cloud-platform"]
[debug] [2025-02-27T09:12:16.765Z] > authorizing via signed-in user (punishdiwakar12@gmail.com)
[info] 
     ######## #### ########  ######## ########     ###     ######  ########
     ##        ##  ##     ## ##       ##     ##  ##   ##  ##       ##
     ######    ##  ########  ######   ########  #########  ######  ######
     ##        ##  ##    ##  ##       ##     ## ##     ##       ## ##
     ##       #### ##     ## ######## ########  ##     ##  ######  ########

You're about to initialize a Firebase project in this directory:

  E:\finalProject\newsApp\news_app

[info] 
=== Project Setup
[info] 
[info] First, let's associate this project directory with a Firebase project.
[info] You can create multiple project aliases by running firebase use --add, 
[info] but for now we'll just set up a default project.
[info] 
